<?xml version="1.0" encoding="UTF-8"?>
<!-- Generated by org.testng.reporters.JUnitReportReporter -->
<testsuite skipped="0" hostname="DESKTOP-PF7FQ7D" name="RunCukesTest" tests="1" failures="0" timestamp="02 Jun 2020 14:59:36 GMT" time="15.214" errors="0">
  <testcase name="feature" time="15.214" classname="RunCukesTest"/>
</testsuite> <!-- RunCukesTest -->
