<?xml version="1.0" encoding="UTF-8"?>
<!-- Generated by org.testng.reporters.JUnitReportReporter -->
<testsuite skipped="0" hostname="DESKTOP-PF7FQ7D" name="RunCukesTest" tests="1" failures="0" timestamp="01 Jun 2020 10:48:14 GMT" time="52.929" errors="0">
  <testcase name="feature" time="52.929" classname="RunCukesTest"/>
</testsuite> <!-- RunCukesTest -->
