<?xml version="1.0" encoding="UTF-8"?>
<!-- Generated by org.testng.reporters.JUnitReportReporter -->
<testsuite skipped="0" hostname="DESKTOP-PF7FQ7D" name="RunCukesTest" tests="1" failures="0" timestamp="01 Jun 2020 10:53:46 GMT" time="24.682" errors="0">
  <testcase name="feature" time="24.682" classname="RunCukesTest"/>
</testsuite> <!-- RunCukesTest -->
