<?xml version="1.0" encoding="UTF-8"?>
<!-- Generated by org.testng.reporters.JUnitReportReporter -->
<testsuite skipped="0" hostname="DESKTOP-PF7FQ7D" name="RunCukesTest" tests="1" failures="0" timestamp="31 May 2020 17:18:14 GMT" time="44.735" errors="0">
  <testcase name="feature" time="44.735" classname="RunCukesTest"/>
</testsuite> <!-- RunCukesTest -->
