<?xml version="1.0" encoding="UTF-8"?>
<testsuite xmlns:xsi="http://www.w3.org/2001/XMLSchema-instance" xsi:schemaLocation="https://maven.apache.org/surefire/maven-surefire-plugin/xsd/surefire-test-report.xsd" name="RunCukesTest" time="47.513" tests="1" errors="0" skipped="0" failures="0">
  <properties>
    <property name="java.vendor" value="Oracle Corporation"/>
    <property name="JOB_NAME" value="selenium"/>
    <property name="CHROME_CRASHPAD_PIPE_NAME" value="\\.\pipe\LOCAL\crashpad_1020_JUCTZEUSCOPRJRRV"/>
    <property name="sun.java.launcher" value="SUN_STANDARD"/>
    <property name="NUMBER_OF_PROCESSORS" value="4"/>
    <property name="sun.management.compiler" value="HotSpot 64-Bit Tiered Compilers"/>
    <property name="JENKINS_HOME" value="C:\Program Files (x86)\Jenkins"/>
    <property name="FPS_BROWSER_USER_PROFILE_STRING" value="Default"/>
    <property name="HUDSON_SERVER_COOKIE" value="ea0eaf7e2d5f8515"/>
    <property name="POM_ARTIFACTID" value="framework"/>
    <property name="os.name" value="Windows 10"/>
    <property name="sun.boot.class.path" value="C:\Program Files\Java\jre1.8.0_251\lib\resources.jar;C:\Program Files\Java\jre1.8.0_251\lib\rt.jar;C:\Program Files\Java\jre1.8.0_251\lib\sunrsasign.jar;C:\Program Files\Java\jre1.8.0_251\lib\jsse.jar;C:\Program Files\Java\jre1.8.0_251\lib\jce.jar;C:\Program Files\Java\jre1.8.0_251\lib\charsets.jar;C:\Program Files\Java\jre1.8.0_251\lib\jfr.jar;C:\Program Files\Java\jre1.8.0_251\classes"/>
    <property name="EXECUTOR_NUMBER" value="0"/>
    <property name="sun.desktop" value="windows"/>
    <property name="PATHEXT" value=".COM;.EXE;.BAT;.CMD;.VBS;.VBE;.JS;.JSE;.WSF;.WSH;.MSC"/>
    <property name="java.vm.specification.vendor" value="Oracle Corporation"/>
    <property name="POM_DISPLAYNAME" value="framework"/>
    <property name="NODE_LABELS" value="MyLaptop"/>
    <property name="TEMP" value="C:\Users\Akshay\AppData\Local\Temp"/>
    <property name="java.runtime.version" value="1.8.0_251-b08"/>
    <property name="FPS_BROWSER_APP_PROFILE_STRING" value="Internet Explorer"/>
    <property name="user.name" value="Akshay"/>
    <property name="guice.disable.misplaced.annotation.check" value="true"/>
    <property name="CommonProgramW6432" value="C:\Program Files\Common Files"/>
    <property name="ProgramFiles" value="C:\Program Files"/>
    <property name="user.language" value="en"/>
    <property name="JOB_BASE_NAME" value="selenium"/>
    <property name="RUN_CHANGES_DISPLAY_URL" value="http://localhost:8080/job/selenium/9/display/redirect?page=changes"/>
    <property name="BUILD_DISPLAY_NAME" value="#9"/>
    <property name="OneDrive" value="C:\Users\Akshay\OneDrive"/>
    <property name="sun.boot.library.path" value="C:\Program Files\Java\jre1.8.0_251\bin"/>
    <property name="LOCALAPPDATA" value="C:\Users\Akshay\AppData\Local"/>
    <property name="java.version" value="1.8.0_251"/>
    <property name="PROCESSOR_LEVEL" value="6"/>
    <property name="user.timezone" value="Asia/Calcutta"/>
    <property name="USERNAME" value="Akshay"/>
    <property name="sun.arch.data.model" value="64"/>
    <property name="NODE_NAME" value="MyLaptop"/>
    <property name="OneDriveConsumer" value="C:\Users\Akshay\OneDrive"/>
    <property name="java.endorsed.dirs" value="C:\Program Files\Java\jre1.8.0_251\lib\endorsed"/>
    <property name="BUILD_ID" value="9"/>
    <property name="sun.cpu.isalist" value="amd64"/>
    <property name="sun.jnu.encoding" value="Cp1252"/>
    <property name="file.encoding.pkg" value="sun.io"/>
    <property name="file.separator" value="\"/>
    <property name="java.specification.name" value="Java Platform API Specification"/>
    <property name="HOMEDRIVE" value="C:"/>
    <property name="maven.conf" value="C:\Temp\jenkinSlave\MyLaptop\tools\hudson.tasks.Maven_MavenInstallation\defaultmaven\conf"/>
    <property name="java.class.version" value="52.0"/>
    <property name="=::" value="::\"/>
    <property name="org.slf4j.simpleLogger.defaultLogLevel" value="info"/>
    <property name="user.country" value="US"/>
    <property name="ALLUSERSPROFILE" value="C:\ProgramData"/>
    <property name="java.home" value="C:\Program Files\Java\jre1.8.0_251"/>
    <property name="java.vm.info" value="mixed mode"/>
    <property name="EDGE_METRICS_CLIENT_ID_HASH" value="5916160532374900186"/>
    <property name="os.version" value="10.0"/>
    <property name="RUN_DISPLAY_URL" value="http://localhost:8080/job/selenium/9/display/redirect"/>
    <property name="POM_VERSION" value="0.0.1-SNAPSHOT"/>
    <property name="TMP" value="C:\Users\Akshay\AppData\Local\Temp"/>
    <property name="path.separator" value=";"/>
    <property name="java.vm.version" value="25.251-b08"/>
    <property name="user.variant" value=""/>
    <property name="JOB_DISPLAY_URL" value="http://localhost:8080/job/selenium/display/redirect"/>
    <property name="CommonProgramFiles(x86)" value="C:\Program Files (x86)\Common Files"/>
    <property name="USERDOMAIN_ROAMINGPROFILE" value="DESKTOP-PF7FQ7D"/>
    <property name="java.awt.printerjob" value="sun.awt.windows.WPrinterJob"/>
    <property name="sun.io.unicode.encoding" value="UnicodeLittle"/>
    <property name="CommonProgramFiles" value="C:\Program Files\Common Files"/>
    <property name="ComSpec" value="C:\WINDOWS\system32\cmd.exe"/>
    <property name="awt.toolkit" value="sun.awt.windows.WToolkit"/>
    <property name="HOMEPATH" value="\Users\Akshay"/>
    <property name="POM_PACKAGING" value="pom"/>
    <property name="user.script" value=""/>
    <property name="COMPUTERNAME" value="DESKTOP-PF7FQ7D"/>
    <property name="POM_GROUPID" value="selenium.automation"/>
    <property name="VBOX_MSI_INSTALL_PATH" value="C:\Program Files\Oracle\VirtualBox\"/>
    <property name="user.home" value="C:\Users\Akshay"/>
    <property name="PUBLIC" value="C:\Users\Public"/>
    <property name="BUILD_TAG" value="jenkins-selenium-9"/>
    <property name="JENKINS_SERVER_COOKIE" value="ea0eaf7e2d5f8515"/>
    <property name="HUDSON_URL" value="http://localhost:8080/"/>
    <property name="ProgramData" value="C:\ProgramData"/>
    <property name="java.specification.vendor" value="Oracle Corporation"/>
    <property name="USERPROFILE" value="C:\Users\Akshay"/>
    <property name="CLASSPATH" value=""/>
    <property name="java.vendor.url" value="http://java.oracle.com/"/>
    <property name="java.library.path" value="C:\Program Files\Java\jre1.8.0_251\bin;C:\WINDOWS\Sun\Java\bin;C:\WINDOWS\system32;C:\WINDOWS;C:\Temp\jenkinSlave\MyLaptop\tools\hudson.tasks.Maven_MavenInstallation\defaultmaven/bin;C:\Program Files (x86)\Microsoft\Edge\Application;C:\Program Files\Java\jre1.8.0_251\bin;C:\WINDOWS\system32;C:\WINDOWS;C:\WINDOWS\System32\Wbem;C:\WINDOWS\System32\WindowsPowerShell\v1.0\;C:\WINDOWS\System32\OpenSSH\;C:\Program Files\PuTTY\;C:\Users\Akshay\AppData\Local\Programs\Python\Python38\Scripts\;C:\Users\Akshay\AppData\Local\Programs\Python\Python38\;C:\Users\Akshay\AppData\Local\Microsoft\WindowsApps;C:\Program Files\Java\jre1.8.0_251\bin;C:\Program Files\apache-maven-3.6.3\bin;;&quot;C:\Program Files\Java\jre1.8.0_251\bin&quot;;."/>
    <property name="java.vm.vendor" value="Oracle Corporation"/>
    <property name="APPDATA" value="C:\Users\Akshay\AppData\Roaming"/>
    <property name="java.runtime.name" value="Java(TM) SE Runtime Environment"/>
    <property name="maven.home" value="C:\Temp\jenkinSlave\MyLaptop\tools\hudson.tasks.Maven_MavenInstallation\defaultmaven"/>
    <property name="java.class.path" value="C:\Temp\jenkinSlave\MyLaptop\maven35-agent.jar;C:\Temp\jenkinSlave\MyLaptop\tools\hudson.tasks.Maven_MavenInstallation\defaultmaven\boot\plexus-classworlds-2.6.0.jar;C:\Temp\jenkinSlave\MyLaptop\tools\hudson.tasks.Maven_MavenInstallation\defaultmaven/conf/logging"/>
    <property name="sun.java.command" value="jenkins.maven3.agent.Maven35Main C:\Temp\jenkinSlave\MyLaptop\tools\hudson.tasks.Maven_MavenInstallation\defaultmaven C:\Users\Akshay\AppData\LocalLow\Sun\Java\Deployment\cache\6.0\2\32f78882-7f167ebf C:\Temp\jenkinSlave\MyLaptop\maven35-interceptor.jar C:\Temp\jenkinSlave\MyLaptop\maven3-interceptor-commons.jar 55510"/>
    <property name="Path" value="C:\Program Files (x86)\Microsoft\Edge\Application;C:\Program Files\Java\jre1.8.0_251\bin;C:\WINDOWS\system32;C:\WINDOWS;C:\WINDOWS\System32\Wbem;C:\WINDOWS\System32\WindowsPowerShell\v1.0\;C:\WINDOWS\System32\OpenSSH\;C:\Program Files\PuTTY\;C:\Users\Akshay\AppData\Local\Programs\Python\Python38\Scripts\;C:\Users\Akshay\AppData\Local\Programs\Python\Python38\;C:\Users\Akshay\AppData\Local\Microsoft\WindowsApps;C:\Program Files\Java\jre1.8.0_251\bin;C:\Program Files\apache-maven-3.6.3\bin;;&quot;C:\Program Files\Java\jre1.8.0_251\bin&quot;"/>
    <property name="java.vm.specification.name" value="Java Virtual Machine Specification"/>
    <property name="PROCESSOR_ARCHITECTURE" value="AMD64"/>
    <property name="PROCESSOR_IDENTIFIER" value="Intel64 Family 6 Model 58 Stepping 9, GenuineIntel"/>
    <property name="SESSIONNAME" value="Console"/>
    <property name="java.vm.specification.version" value="1.8"/>
    <property name="sun.os.patch.level" value=""/>
    <property name="sun.cpu.endian" value="little"/>
    <property name="EDGE_VARIATIONS_SEED_ETAG" value="&quot;sW8yxbIWxK4skUMSIawIokYa0fwWqurRZqefibpj5GE=&quot;"/>
    <property name="M2_HOME" value="C:\Temp\jenkinSlave\MyLaptop\tools\hudson.tasks.Maven_MavenInstallation\defaultmaven"/>
    <property name="EDGE_USER_DATA_DIR" value="C:\Users\Akshay\AppData\Local\Microsoft\Edge\User Data"/>
    <property name="java.io.tmpdir" value="C:\Users\Akshay\AppData\Local\Temp\"/>
    <property name="OS" value="Windows_NT"/>
    <property name="HUDSON_HOME" value="C:\Program Files (x86)\Jenkins"/>
    <property name="PATH+MAVEN" value="C:\Temp\jenkinSlave\MyLaptop\tools\hudson.tasks.Maven_MavenInstallation\defaultmaven/bin"/>
    <property name="ProgramFiles(x86)" value="C:\Program Files (x86)"/>
    <property name="BUILD_URL" value="http://localhost:8080/job/selenium/9/"/>
    <property name="java.vendor.url.bug" value="http://bugreport.sun.com/bugreport/"/>
    <property name="java.awt.graphicsenv" value="sun.awt.Win32GraphicsEnvironment"/>
    <property name="os.arch" value="amd64"/>
    <property name="SystemRoot" value="C:\WINDOWS"/>
    <property name="java.ext.dirs" value="C:\Program Files\Java\jre1.8.0_251\lib\ext;C:\WINDOWS\Sun\Java\lib\ext"/>
    <property name="user.dir" value="C:\Users\Akshay\Desktop\bkp\framework-master\framework-master\framework"/>
    <property name="JOB_URL" value="http://localhost:8080/job/selenium/"/>
    <property name="LOGONSERVER" value="\\DESKTOP-PF7FQ7D"/>
    <property name="USERDOMAIN" value="DESKTOP-PF7FQ7D"/>
    <property name="line.separator" value="&#10;"/>
    <property name="MAVEN_HOME" value="C:\Temp\jenkinSlave\MyLaptop\tools\hudson.tasks.Maven_MavenInstallation\defaultmaven"/>
    <property name="java.vm.name" value="Java HotSpot(TM) 64-Bit Server VM"/>
    <property name="BUILD_NUMBER" value="9"/>
    <property name="JENKINS_URL" value="http://localhost:8080/"/>
    <property name="PROCESSOR_REVISION" value="3a09"/>
    <property name="EDGE_METRICS_SESSION_ID" value="26"/>
    <property name="ProgramW6432" value="C:\Program Files"/>
    <property name="windir" value="C:\WINDOWS"/>
    <property name="file.encoding" value="Cp1252"/>
    <property name="SystemDrive" value="C:"/>
    <property name="maven3.interceptor" value="C:\Temp\jenkinSlave\MyLaptop\maven35-interceptor.jar"/>
    <property name="WORKSPACE_TMP" value="C:\Users\Akshay\Desktop\bkp\framework-master\framework-master@tmp"/>
    <property name="WORKSPACE" value="C:\Users\Akshay\Desktop\bkp\framework-master\framework-master"/>
    <property name="maven3.interceptor.common" value="C:\Temp\jenkinSlave\MyLaptop\maven3-interceptor-commons.jar"/>
    <property name="java.specification.version" value="1.8"/>
    <property name="PSModulePath" value="C:\Program Files\WindowsPowerShell\Modules;C:\WINDOWS\system32\WindowsPowerShell\v1.0\Modules"/>
    <property name="DriverData" value="C:\Windows\System32\Drivers\DriverData"/>
    <property name="CHROME_RESTART" value="Microsoft Edge|Microsoft Edge has stopped working. Restart it?|LEFT_TO_RIGHT"/>
  </properties>
  <testcase name="feature" classname="RunCukesTest" time="44.739"/>
</testsuite>